<?xml version="1.0" encoding="UTF-8"?>
<testsuites tests="1" failures="0" disabled="0" errors="0" time="0" timestamp="2023-07-15T18:47:16.315" name="AllTests">
  <testsuite name="AccessorTests" tests="1" failures="0" disabled="0" skipped="0" errors="0" time="0" timestamp="2023-07-15T18:47:16.316">
    <testcase name="accessAt" file="/home/lesari/projects/LibVector/tests/UnitTests_CustomVector.cpp" line="456" status="run" result="completed" time="0" timestamp="2023-07-15T18:47:16.316" classname="AccessorTests" />
  </testsuite>
</testsuites>
