<?xml version="1.0" encoding="UTF-8"?>
<testsuites tests="1" failures="0" disabled="0" errors="0" time="0" timestamp="2023-07-15T18:47:16.256" name="AllTests">
  <testsuite name="ConstructorTests" tests="1" failures="0" disabled="0" skipped="0" errors="0" time="0" timestamp="2023-07-15T18:47:16.256">
    <testcase name="DefaultConstructor" file="/home/lesari/projects/LibVector/tests/UnitTests_CustomVector.cpp" line="126" status="run" result="completed" time="0" timestamp="2023-07-15T18:47:16.256" classname="ConstructorTests" />
  </testsuite>
</testsuites>
