<?xml version="1.0" encoding="UTF-8"?>
<testsuites tests="1" failures="0" disabled="0" errors="0" time="0" timestamp="2023-07-15T18:47:16.299" name="AllTests">
  <testsuite name="IteratorTests" tests="1" failures="0" disabled="0" skipped="1" errors="0" time="0" timestamp="2023-07-15T18:47:16.299">
    <testcase name="preFix" file="/home/lesari/projects/LibVector/tests/UnitTests_CustomVector.cpp" line="317" status="run" result="skipped" time="0" timestamp="2023-07-15T18:47:16.299" classname="IteratorTests">
      <skipped message="/home/lesari/projects/LibVector/tests/UnitTests_CustomVector.cpp:320&#x0A;Not yet implemented"><![CDATA[/home/lesari/projects/LibVector/tests/UnitTests_CustomVector.cpp:320
Not yet implemented]]></skipped>
    </testcase>
  </testsuite>
</testsuites>
