<?xml version="1.0" encoding="UTF-8"?>
<testsuites tests="1" failures="0" disabled="0" errors="0" time="0" timestamp="2023-07-15T18:47:16.297" name="AllTests">
  <testsuite name="IteratorTests" tests="1" failures="0" disabled="0" skipped="1" errors="0" time="0" timestamp="2023-07-15T18:47:16.297">
    <testcase name="iteratorSequence" file="/home/lesari/projects/LibVector/tests/UnitTests_CustomVector.cpp" line="312" status="run" result="skipped" time="0" timestamp="2023-07-15T18:47:16.297" classname="IteratorTests">
      <skipped message="/home/lesari/projects/LibVector/tests/UnitTests_CustomVector.cpp:314&#x0A;Not yet implemented"><![CDATA[/home/lesari/projects/LibVector/tests/UnitTests_CustomVector.cpp:314
Not yet implemented]]></skipped>
    </testcase>
  </testsuite>
</testsuites>
