<?xml version="1.0" encoding="UTF-8"?>
<testsuites tests="1" failures="0" disabled="0" errors="0" time="0" timestamp="2023-07-15T18:47:16.302" name="AllTests">
  <testsuite name="IteratorTests" tests="1" failures="0" disabled="0" skipped="1" errors="0" time="0" timestamp="2023-07-15T18:47:16.302">
    <testcase name="postFix" file="/home/lesari/projects/LibVector/tests/UnitTests_CustomVector.cpp" line="323" status="run" result="skipped" time="0" timestamp="2023-07-15T18:47:16.302" classname="IteratorTests">
      <skipped message="/home/lesari/projects/LibVector/tests/UnitTests_CustomVector.cpp:326&#x0A;Not yet implemented"><![CDATA[/home/lesari/projects/LibVector/tests/UnitTests_CustomVector.cpp:326
Not yet implemented]]></skipped>
    </testcase>
  </testsuite>
</testsuites>
