<?xml version="1.0" encoding="UTF-8"?>
<testsuites tests="1" failures="0" disabled="0" errors="0" time="0" timestamp="2023-07-15T18:47:16.252" name="AllTests">
  <testsuite name="MemoryManger" tests="1" failures="0" disabled="0" skipped="0" errors="0" time="0" timestamp="2023-07-15T18:47:16.252">
    <testcase name="max_size" file="/home/lesari/projects/LibVector/tests/UnitTests_CustomVector.cpp" line="87" status="run" result="completed" time="0" timestamp="2023-07-15T18:47:16.252" classname="MemoryManger" />
  </testsuite>
</testsuites>
