<?xml version="1.0" encoding="UTF-8"?>
<testsuites tests="1" failures="1" disabled="0" errors="0" time="0" timestamp="2023-07-15T18:47:16.228" name="AllTests">
  <testsuite name="MemoryManger" tests="1" failures="1" disabled="0" skipped="0" errors="0" time="0" timestamp="2023-07-15T18:47:16.228">
    <testcase name="verifyObjectEmpty" file="/home/lesari/projects/LibVector/tests/UnitTests_CustomVector.cpp" line="12" status="run" result="completed" time="0" timestamp="2023-07-15T18:47:16.228" classname="MemoryManger">
      <failure message="/home/lesari/projects/LibVector/tests/UnitTests_CustomVector.cpp:16&#x0A;Expected equality of these values:&#x0A;  empty_mgr.block_start&#x0A;    Which is: 0x5644f6604490&#x0A;  empty_mgr.block_end&#x0A;    Which is: 0x5644f6604494" type=""><![CDATA[/home/lesari/projects/LibVector/tests/UnitTests_CustomVector.cpp:16
Expected equality of these values:
  empty_mgr.block_start
    Which is: 0x5644f6604490
  empty_mgr.block_end
    Which is: 0x5644f6604494]]></failure>
    </testcase>
  </testsuite>
</testsuites>
