<?xml version="1.0" encoding="UTF-8"?>
<testsuites tests="1" failures="0" disabled="0" errors="0" time="0" timestamp="2023-07-15T18:47:16.311" name="AllTests">
  <testsuite name="ModifierTests" tests="1" failures="0" disabled="0" skipped="0" errors="0" time="0" timestamp="2023-07-15T18:47:16.311">
    <testcase name="popBack" file="/home/lesari/projects/LibVector/tests/UnitTests_CustomVector.cpp" line="376" status="run" result="completed" time="0" timestamp="2023-07-15T18:47:16.311" classname="ModifierTests" />
  </testsuite>
</testsuites>
